<?xml version="1.0" encoding="UTF-8"?>
<testng-results ignored="0" total="1" passed="1" failed="0" skipped="0">
  <reporter-output>
  </reporter-output>
  <suite started-at="2023-12-08T17:10:48 IST" name="Default suite" finished-at="2023-12-08T17:11:33 IST" duration-ms="44601">
    <groups>
    </groups>
    <test started-at="2023-12-08T17:10:48 IST" name="Default test" finished-at="2023-12-08T17:11:33 IST" duration-ms="44601">
      <class name="TestScenarios.ModelCode">
        <test-method is-config="true" signature="beforeClass()[pri:0, instance:TestScenarios.ModelCode@7d0b7e3c]" started-at="2023-12-08T17:10:48 IST" name="beforeClass" finished-at="2023-12-08T17:11:01 IST" duration-ms="13134" status="PASS">
          <reporter-output>
          </reporter-output>
        </test-method> <!-- beforeClass -->
        <test-method signature="chooseModel()[pri:0, instance:TestScenarios.ModelCode@7d0b7e3c]" started-at="2023-12-08T17:11:01 IST" name="chooseModel" finished-at="2023-12-08T17:11:31 IST" duration-ms="29558" status="PASS">
          <reporter-output>
          </reporter-output>
        </test-method> <!-- chooseModel -->
        <test-method is-config="true" signature="afterClass()[pri:0, instance:TestScenarios.ModelCode@7d0b7e3c]" started-at="2023-12-08T17:11:31 IST" name="afterClass" finished-at="2023-12-08T17:11:33 IST" duration-ms="1871" status="PASS">
          <reporter-output>
          </reporter-output>
        </test-method> <!-- afterClass -->
      </class> <!-- TestScenarios.ModelCode -->
    </test> <!-- Default test -->
  </suite> <!-- Default suite -->
</testng-results>
